SLF4J: Failed to load class "org.slf4j.impl.StaticLoggerBinder".
SLF4J: Defaulting to no-operation (NOP) logger implementation
SLF4J: See http://www.slf4j.org/codes.html#StaticLoggerBinder for further details.
2023-07-24 21:53:39.621/2.615 Oracle Coherence 12.2.1.4.0 <Info> (thread=main, member=n/a): Loaded operational configuration from "jar:file:/C:/Oracle/Middleware/Oracle_Home/coherence/lib/coherence.jar!/tangosol-coherence.xml"
2023-07-24 21:53:39.709/2.703 Oracle Coherence 12.2.1.4.0 <Info> (thread=main, member=n/a): Loaded operational overrides from "jar:file:/C:/Oracle/Middleware/Oracle_Home/coherence/lib/coherence.jar!/tangosol-coherence-override-dev.xml"
2023-07-24 21:53:39.713/2.708 Oracle Coherence 12.2.1.4.0 <Info> (thread=main, member=n/a): Optional configuration override "/tangosol-coherence-override.xml" is not specified
2023-07-24 21:53:39.720/2.715 Oracle Coherence 12.2.1.4.0 <Info> (thread=main, member=n/a): Optional configuration override "cache-factory-config.xml" is not specified
2023-07-24 21:53:39.723/2.717 Oracle Coherence 12.2.1.4.0 <Info> (thread=main, member=n/a): Optional configuration override "cache-factory-builder-config.xml" is not specified
2023-07-24 21:53:39.725/2.719 Oracle Coherence 12.2.1.4.0 <Info> (thread=main, member=n/a): Optional configuration override "/custom-mbeans.xml" is not specified

Oracle Coherence Version 12.2.1.4.0 Build 74888
 Grid Edition: Development mode
Copyright (c) 2000, 2019, Oracle and/or its affiliates. All rights reserved.

2023-07-24 21:53:40.492/3.486 Oracle Coherence GE 12.2.1.4.0 <Info> (thread=main, member=n/a): The cluster name has not been configured, a value of "hp's cluster" has been automatically generated
2023-07-24 21:53:40.912/3.906 Oracle Coherence GE 12.2.1.4.0 <Info> (thread=main, member=n/a): Created cache factory com.tangosol.net.ExtensibleConfigurableCacheFactory
Jul 24, 2023 9:53:41 PM oracle.soa.scac.ValidateComposite loadWSDLs
WARNING: Validating WSDLs from WSDLManager....  with option UseSoaInfraMds:false
Jul 24, 2023 9:53:41 PM oracle.fabric.common.wsdl.SchemaManager isIncrementalBuildSupported
INFO: XMLSchema incremental build enabled.
Java HotSpot(TM) 64-Bit Server VM warning: ignoring option PermSize=32m; support was removed in 8.0
Java HotSpot(TM) 64-Bit Server VM warning: ignoring option MaxPermSize=256m; support was removed in 8.0
